\BOOKMARK [0][-]{chapter*.1}{\376\377\213\364\146\016}{}% 1
\BOOKMARK [0][-]{chapter.1}{\376\377\137\142\137\017\145\160\133\146\166\204\143\317\217\360\377\010\000D\000e\000s\000c\000r\000i\000p\000t\000i\000o\000n\000\040\000d\000e\000\040\000l\000a\000\040\000m\000a\000t\000h\000\351\000m\000a\000t\000i\000q\000u\000e\000\040\000f\000o\000r\000m\000e\000l\000l\000e\377\011}{}% 2
\BOOKMARK [1][-]{section.1.1}{\376\377\230\171\124\214\121\154\137\017\377\010\000T\000e\000r\000m\000e\000s\000\040\000e\000t\000\040\000r\000e\000l\000a\000t\000i\000o\000n\000s\377\011}{chapter.1}% 3
\BOOKMARK [1][-]{section.1.2}{\376\377\133\232\164\006\377\010\000T\000h\000\351\000o\000r\000\350\000m\000e\000s\377\011}{chapter.1}% 4
\BOOKMARK [1][-]{section.1.3}{\376\377\220\073\217\221\164\006\213\272\377\010\000T\000h\000\351\000o\000r\000i\000e\000s\000\040\000l\000o\000g\000i\000q\000u\000e\000s\377\011}{chapter.1}% 5
\BOOKMARK [1][-]{section.1.4}{\376\377\221\317\213\315\164\006\213\272\377\010\000T\000h\000\351\000o\000r\000i\000e\000s\000\040\000q\000u\000a\000n\000t\000i\000f\000i\000\351\000e\000s\377\011}{chapter.1}% 6
\BOOKMARK [1][-]{section.1.5}{\376\377\173\111\137\017\164\006\213\272\377\010\000T\000h\000\351\000o\000r\000i\000e\000s\000\040\000\351\000g\000a\000l\000i\000t\000a\000i\000r\000e\000s\377\011}{chapter.1}% 7
\BOOKMARK [1][-]{section.1.6}{\376\377\230\171\124\214\121\154\137\017\166\204\140\047\215\050\377\010\000C\000a\000r\000a\000c\000t\000\351\000r\000i\000s\000a\000t\000i\000o\000n\000\040\000d\000e\000s\000\040\000t\000e\000r\000m\000e\000s\000\040\000e\000t\000\040\000d\000e\000s\000\040\000r\000e\000l\000a\000t\000i\000o\000n\000s\377\011}{chapter.1}% 8
\BOOKMARK [0][-]{chapter.2}{\376\377\226\306\124\010\213\272\377\010\000T\000h\000\351\000o\000r\000i\000e\000\040\000d\000e\000s\000\040\000e\000n\000s\000e\000m\000b\000l\000e\000s\377\011}{}% 9
\BOOKMARK [1][-]{section.2.1}{\376\377\226\306\124\010\123\026\121\154\137\017\377\010\000R\000e\000l\000a\000t\000i\000o\000n\000s\000\040\000c\000o\000l\000l\000e\000c\000t\000i\000v\000i\000s\000a\000n\000t\000e\000s\377\011}{chapter.2}% 10
\BOOKMARK [1][-]{section.2.2}{\376\377\147\011\136\217\133\371\377\010\000C\000o\000u\000p\000l\000e\000s\377\011}{chapter.2}% 11
\BOOKMARK [1][-]{section.2.3}{\376\377\133\371\136\224\377\010\000C\000o\000r\000r\000e\000s\000p\000o\000n\000d\000a\000n\000c\000e\000s\377\011}{chapter.2}% 12
\BOOKMARK [1][-]{section.2.4}{\376\377\226\306\145\317\166\204\136\166\226\306\124\214\116\244\226\306\377\010\000R\000\351\000u\000n\000i\000o\000n\000\040\000e\000t\000\040\000i\000n\000t\000e\000r\000s\000e\000c\000t\000i\000o\000n\000\040\000d\000'\000u\000n\000e\000\040\000f\000a\000m\000i\000l\000l\000e\000\040\000d\000'\000e\000n\000s\000e\000m\000b\000l\000e\000s\377\011}{chapter.2}% 13
\BOOKMARK [1][-]{section.2.5}{\376\377\226\306\145\317\166\204\116\130\171\357\377\010\000P\000r\000o\000d\000u\000i\000t\000\040\000d\000'\000u\000n\000e\000\040\000f\000a\000m\000i\000l\000l\000e\000\040\000d\000'\000e\000n\000s\000e\000m\000b\000l\000e\000s\377\011}{chapter.2}% 14
\BOOKMARK [1][-]{section.2.6}{\376\377\173\111\116\367\121\163\174\373\377\010\000R\000e\000l\000a\000t\000i\000o\000n\000s\000\040\000d\000'\000\351\000q\000u\000i\000v\000a\000l\000e\000n\000c\000e\377\011}{chapter.2}% 15
\BOOKMARK [0][-]{chapter.3}{\376\377\120\117\136\217\226\306\377\014\127\372\145\160\377\014\201\352\161\066\145\160\377\010\000E\000n\000s\000e\000m\000b\000l\000e\000s\000\040\000o\000r\000d\000o\000n\000n\000\351\000s\000,\000\040\000c\000a\000r\000d\000i\000n\000a\000u\000x\000,\000\040\000n\000o\000m\000b\000r\000e\000s\000\040\000e\000n\000t\000i\000e\000r\000s\377\011}{}% 16
\BOOKMARK [1][-]{section.3.1}{\376\377\120\117\136\217\121\163\174\373\377\014\120\117\136\217\226\306\377\010\000R\000e\000l\000a\000t\000i\000o\000n\000s\000\040\000d\000'\000o\000r\000d\000r\000e\000,\000\040\000e\000n\000s\000e\000m\000b\000l\000e\000s\000\040\000o\000r\000d\000o\000n\000n\000\351\000s\377\011}{chapter.3}% 17
\BOOKMARK [1][-]{section.3.2}{\376\377\202\157\136\217\226\306\377\010\000E\000n\000s\000e\000m\000b\000l\000e\000s\000\040\000b\000i\000e\000n\000\040\000o\000r\000d\000o\000n\000n\000\351\000s\377\011}{chapter.3}% 18
\BOOKMARK [1][-]{section.3.3}{\376\377\226\306\124\010\173\111\122\277\377\014\127\372\145\160\377\010\000E\000n\000s\000e\000m\000b\000l\000e\000s\000\040\000\351\000q\000u\000i\000p\000o\000t\000e\000n\000t\000s\000,\000\040\000c\000a\000r\000d\000i\000n\000a\000u\000x\377\011}{chapter.3}% 19
\BOOKMARK [1][-]{section.3.4}{\376\377\201\352\161\066\145\160\377\014\147\011\226\120\226\306\124\010\377\010\000E\000n\000t\000i\000e\000r\000s\000\040\000n\000a\000t\000u\000r\000e\000l\000s\000,\000\040\000e\000n\000s\000e\000m\000b\000l\000e\000s\000\040\000f\000i\000n\000i\000s\377\011}{chapter.3}% 20
\BOOKMARK [1][-]{section.3.5}{\376\377\201\352\161\066\145\160\166\204\217\320\173\227\377\010\000C\000a\000l\000c\000u\000l\000\040\000s\000u\000r\000\040\000l\000e\000s\000\040\000e\000n\000t\000i\000e\000r\000s\377\011}{chapter.3}% 21
\BOOKMARK [1][-]{section.3.6}{\376\377\145\340\172\167\226\306\124\010\377\010\000E\000n\000s\000e\000m\000b\000l\000e\000s\000\040\000i\000n\000f\000i\000n\000i\000s\377\011}{chapter.3}% 22
\BOOKMARK [1][-]{section.3.7}{\376\377\134\004\137\161\147\201\226\120\124\214\137\122\176\263\147\201\226\120\377\010\000L\000i\000m\000i\000t\000e\000s\000\040\000p\000r\000o\000j\000e\000c\000t\000i\000v\000e\000s\000\040\000e\000t\000\040\000l\000i\000m\000i\000t\000e\000s\000\040\000i\000n\000d\000u\000c\000t\000i\000v\000e\000s\377\011}{chapter.3}% 23
\BOOKMARK [0][-]{chapter.4}{\376\377\176\323\147\204\377\010\000S\000t\000r\000u\000c\000t\000u\000r\000e\000s\377\011}{}% 24
\BOOKMARK [1][-]{section.4.1}{\376\377\176\323\147\204\124\214\124\014\147\204\377\010\000S\000t\000r\000u\000c\000t\000u\000r\000e\000s\000\040\000e\000t\000\040\000i\000s\000o\000m\000o\000r\000p\000h\000i\000s\000m\000e\000s\377\011}{chapter.4}% 25
\BOOKMARK [1][-]{section.4.2}{\376\377\140\001\134\004\124\214\155\076\165\037\176\323\147\204\377\010\000M\000o\000r\000p\000h\000i\000s\000m\000e\000s\000\040\000e\000t\000\040\000s\000t\000r\000u\000c\000t\000u\000r\000e\000s\000\040\000d\000\351\000r\000i\000v\000\351\000e\000s\377\011}{chapter.4}% 26
\BOOKMARK [1][-]{section.4.3}{\376\377\146\156\220\115\140\047\146\040\134\004\377\010\000A\000p\000p\000l\000i\000c\000a\000t\000i\000o\000n\000s\000\040\000u\000n\000i\000v\000e\000r\000s\000e\000l\000l\000e\000s\377\011}{chapter.4}% 27
